<?xml version="1.0" encoding="UTF-8" ?>
<testsuite tests="10" failures="2" name="TestSuite" time="23.644" errors="0" skipped="1">
  <properties>
[...]
</properties>
  <testcase classname="com.lojack.qa.testcases.ChangePasswordTestCase" name="passwordMatchTest" time="10.116"/>
  <testcase classname="com.lojack.qa.testcases.DataDrivenLoginTestCase" name="validateCredentials" time="10.967">
    <skipped/>
    <system-err>[Utils] [ERROR] [Error] java.lang.NullPointerException
	at com.lojack.qa.util.LoginData.getTestData(LoginData.java:48)
	at com.lojack.qa.testcases.DataDrivenLoginTestCase.getTestData(DataDrivenLoginTestCase.java:33)
	at sun.reflect.NativeMethodAccessorImpl.invoke0(Native Method)
	at sun.reflect.NativeMethodAccessorImpl.invoke(NativeMethodAccessorImpl.java:62)
	at sun.reflect.DelegatingMethodAccessorImpl.invoke(DelegatingMethodAccessorImpl.java:43)
	at java.lang.reflect.Method.invoke(Method.java:498)
	at org.testng.internal.MethodInvocationHelper.invokeMethod(MethodInvocationHelper.java:124)
	at org.testng.internal.MethodInvocationHelper.invokeMethod(MethodInvocationHelper.java:74)
	at org.testng.internal.MethodInvocationHelper.invokeMethodNoCheckedException(MethodInvocationHelper.java:45)
	at org.testng.internal.MethodInvocationHelper.invokeDataProvider(MethodInvocationHelper.java:131)
	at org.testng.internal.Parameters.handleParameters(Parameters.java:706)
	at org.testng.internal.ParameterHandler.handleParameters(ParameterHandler.java:49)
	at org.testng.internal.ParameterHandler.createParameters(ParameterHandler.java:37)
	at org.testng.internal.Invoker.invokeTestMethods(Invoker.java:924)
	at org.testng.internal.TestMethodWorker.invokeTestMethods(TestMethodWorker.java:125)
	at org.testng.internal.TestMethodWorker.run(TestMethodWorker.java:109)
	at org.testng.TestRunner.privateRun(TestRunner.java:648)
	at org.testng.TestRunner.run(TestRunner.java:505)
	at org.testng.SuiteRunner.runTest(SuiteRunner.java:455)
	at org.testng.SuiteRunner.runSequentially(SuiteRunner.java:450)
	at org.testng.SuiteRunner.privateRun(SuiteRunner.java:415)
	at org.testng.SuiteRunner.run(SuiteRunner.java:364)
	at org.testng.SuiteRunnerWorker.runSuite(SuiteRunnerWorker.java:52)
	at org.testng.SuiteRunnerWorker.run(SuiteRunnerWorker.java:84)
	at org.testng.TestNG.runSuitesSequentially(TestNG.java:1208)
	at org.testng.TestNG.runSuitesLocally(TestNG.java:1137)
	at org.testng.TestNG.runSuites(TestNG.java:1049)
	at org.testng.TestNG.run(TestNG.java:1017)
	at org.apache.maven.surefire.testng.TestNGExecutor.run(TestNGExecutor.java:77)
	at org.apache.maven.surefire.testng.TestNGDirectoryTestSuite.executeMulti(TestNGDirectoryTestSuite.java:159)
	at org.apache.maven.surefire.testng.TestNGDirectoryTestSuite.execute(TestNGDirectoryTestSuite.java:99)
	at org.apache.maven.surefire.testng.TestNGProvider.invoke(TestNGProvider.java:106)
	at sun.reflect.NativeMethodAccessorImpl.invoke0(Native Method)
	at sun.reflect.NativeMethodAccessorImpl.invoke(NativeMethodAccessorImpl.java:62)
	at sun.reflect.DelegatingMethodAccessorImpl.invoke(DelegatingMethodAccessorImpl.java:43)
	at java.lang.reflect.Method.invoke(Method.java:498)
	at org.apache.maven.surefire.util.ReflectionUtils.invokeMethodWithArray(ReflectionUtils.java:189)
	at org.apache.maven.surefire.booter.ProviderFactory$ProviderProxy.invoke(ProviderFactory.java:165)
	at org.apache.maven.surefire.booter.ProviderFactory.invokeProvider(ProviderFactory.java:85)
	at org.apache.maven.surefire.booter.ForkedBooter.runSuitesInProcess(ForkedBooter.java:115)
	at org.apache.maven.surefire.booter.ForkedBooter.main(ForkedBooter.java:75)

</system-err>
  </testcase>
  <testcase classname="com.lojack.qa.testcases.LoginTestCase" name="loginPageTitleTest" time="0.006"/>
  <testcase classname="com.lojack.qa.testcases.LoginTestCase" name="loginPagelogoTest" time="0.031"/>
  <testcase classname="com.lojack.qa.testcases.LoginTestCase" name="blankLoginTest" time="0.163"/>
  <testcase classname="com.lojack.qa.testcases.LoginTestCase" name="incorrectUserLoginTest" time="0.672"/>
  <testcase classname="com.lojack.qa.testcases.LoginTestCase" name="incorrectPasswordLoginTest" time="0.608">
    <failure message="expected:&lt;...Please check user...&gt; but was:&lt;... Invalid User ...&gt;" type="junit.framework.ComparisonFailure">junit.framework.ComparisonFailure: expected:&lt;...Please check user...&gt; but was:&lt;... Invalid User ...&gt;
	at junit.framework.Assert.assertEquals(Assert.java:81)
	at junit.framework.Assert.assertEquals(Assert.java:87)
	at com.lojack.qa.testcases.LoginTestCase.incorrectPasswordLoginTest(LoginTestCase.java:62)
</failure>
    <system-out>Before navigating to: &apos;https://mitwebdev.lojack.com&apos;
Navigated to:&apos;https://mitwebdev.lojack.com&apos;
Trying to find Element By : By.name: txtUserId
Found Element By : By.name: txtUserId
Trying to find Element By : By.name: txtPassword
Found Element By : By.name: txtPassword
Trying to find Element By : By.name: ddlUserType
Found Element By : By.name: ddlUserType
Trying to find Element By : By.xpath: .//option[normalize-space(.) = &quot;Other&quot;]
Found Element By : By.xpath: .//option[normalize-space(.) = &quot;Other&quot;]
Trying to click on: [[[[ChromeDriver: chrome on XP (533aee227712e83a4a7f6669c0c5cbad)] -&gt; name: ddlUserType]] -&gt; xpath: .//option[normalize-space(.) = &quot;Other&quot;]]
Clicked on: [[[[ChromeDriver: chrome on XP (533aee227712e83a4a7f6669c0c5cbad)] -&gt; name: ddlUserType]] -&gt; xpath: .//option[normalize-space(.) = &quot;Other&quot;]]
Trying to find Element By : By.name: btnLogin
Found Element By : By.name: btnLogin
Trying to click on: [[ChromeDriver: chrome on XP (533aee227712e83a4a7f6669c0c5cbad)] -&gt; name: btnLogin]
Clicked on: [[ChromeDriver: chrome on XP (533aee227712e83a4a7f6669c0c5cbad)] -&gt; name: btnLogin]
Trying to find Element By : By.id: divError
Found Element By : By.id: divError
</system-out>
    <system-err>Starting ChromeDriver 2.44.609538 (b655c5a60b0b544917107a59d4153d4bf78e1b90) on port 17934
Only local connections are allowed.
Aug 06, 2019 2:25:17 AM org.openqa.selenium.remote.ProtocolHandshake createSession
INFO: Detected dialect: OSS
</system-err>
  </testcase>
  <testcase classname="com.lojack.qa.testcases.LoginTestCase" name="blankUserLoginTest" time="0.24"/>
  <testcase classname="com.lojack.qa.testcases.LoginTestCase" name="blankPasswordLoginTest" time="0.256"/>
  <testcase classname="com.lojack.qa.testcases.LoginTestCase" name="correctcredentialsLoginTest" time="0.585">
    <failure message="expected:&lt;...&gt; but was:&lt;...User/Dashboard.aspx&gt;" type="junit.framework.ComparisonFailure">junit.framework.ComparisonFailure: expected:&lt;...&gt; but was:&lt;...User/Dashboard.aspx&gt;
	at junit.framework.Assert.assertEquals(Assert.java:81)
	at junit.framework.Assert.assertEquals(Assert.java:87)
	at com.lojack.qa.testcases.LoginTestCase.correctcredentialsLoginTest(LoginTestCase.java:83)
</failure>
    <system-out>Before navigating to: &apos;https://mitwebdev.lojack.com&apos;
Navigated to:&apos;https://mitwebdev.lojack.com&apos;
Trying to find Element By : By.name: txtUserId
Found Element By : By.name: txtUserId
Trying to find Element By : By.name: txtPassword
Found Element By : By.name: txtPassword
Trying to find Element By : By.name: ddlUserType
Found Element By : By.name: ddlUserType
Trying to find Element By : By.xpath: .//option[normalize-space(.) = &quot;Other&quot;]
Found Element By : By.xpath: .//option[normalize-space(.) = &quot;Other&quot;]
Trying to click on: [[[[ChromeDriver: chrome on XP (1e9d645a7c9aa6b14de386f9a5dd03f1)] -&gt; name: ddlUserType]] -&gt; xpath: .//option[normalize-space(.) = &quot;Other&quot;]]
Clicked on: [[[[ChromeDriver: chrome on XP (1e9d645a7c9aa6b14de386f9a5dd03f1)] -&gt; name: ddlUserType]] -&gt; xpath: .//option[normalize-space(.) = &quot;Other&quot;]]
Trying to find Element By : By.name: btnLogin
Found Element By : By.name: btnLogin
Trying to click on: [[ChromeDriver: chrome on XP (1e9d645a7c9aa6b14de386f9a5dd03f1)] -&gt; name: btnLogin]
Clicked on: [[ChromeDriver: chrome on XP (1e9d645a7c9aa6b14de386f9a5dd03f1)] -&gt; name: btnLogin]
</system-out>
    <system-err>Starting ChromeDriver 2.44.609538 (b655c5a60b0b544917107a59d4153d4bf78e1b90) on port 28818
Only local connections are allowed.
Aug 06, 2019 2:25:59 AM org.openqa.selenium.remote.ProtocolHandshake createSession
INFO: Detected dialect: OSS
</system-err>
  </testcase>
</testsuite>